# JRE version: Java(TM) SE Runtime Environment 18.9 (11.0.16+11) (build 11.0.16+11-LTS-199)
# Java VM: Java HotSpot(TM) 64-Bit Server VM 18.9 (11.0.16+11-LTS-199, mixed mode, tiered, compressed oops, g1 gc, windows-amd64)
Heap:
 garbage-first heap   total 522240K, used 47101K [0x00000000e0000000, 0x0000000100000000)
  region size 1024K, 39 young (39936K), 8 survivors (8192K)
 Metaspace       used 34682K, capacity 35853K, committed 35920K, reserved 1081344K
  class space    used 4205K, capacity 4681K, committed 4736K, reserved 1048576K
GC Heap History (9 events):
Event: 0.609 GC heap before
{Heap before GC invocations=0 (full 0):
 garbage-first heap   total 522240K, used 25600K [0x00000000e0000000, 0x0000000100000000)
  region size 1024K, 25 young (25600K), 0 survivors (0K)
 Metaspace       used 13027K, capacity 13312K, committed 13568K, reserved 1060864K
  class space    used 1371K, capacity 1474K, committed 1536K, reserved 1048576K
}
Event: 0.611 GC heap after
{Heap after GC invocations=1 (full 0):
 garbage-first heap   total 522240K, used 8687K [0x00000000e0000000, 0x0000000100000000)
  region size 1024K, 4 young (4096K), 4 survivors (4096K)
 Metaspace       used 13027K, capacity 13312K, committed 13568K, reserved 1060864K
  class space    used 1371K, capacity 1474K, committed 1536K, reserved 1048576K
}
Event: 0.974 GC heap before
{Heap before GC invocations=1 (full 0):
 garbage-first heap   total 522240K, used 53743K [0x00000000e0000000, 0x0000000100000000)
  region size 1024K, 49 young (50176K), 4 survivors (4096K)
 Metaspace       used 20427K, capacity 21098K, committed 21296K, reserved 1069056K
  class space    used 2318K, capacity 2581K, committed 2688K, reserved 1048576K
}
Event: 0.977 GC heap after
{Heap after GC invocations=2 (full 0):
 garbage-first heap   total 522240K, used 10663K [0x00000000e0000000, 0x0000000100000000)
  region size 1024K, 6 young (6144K), 6 survivors (6144K)
 Metaspace       used 20427K, capacity 21098K, committed 21296K, reserved 1069056K
  class space    used 2318K, capacity 2581K, committed 2688K, reserved 1048576K
}
Event: 1.275 GC heap before
{Heap before GC invocations=3 (full 0):
 garbage-first heap   total 522240K, used 63911K [0x00000000e0000000, 0x0000000100000000)
  region size 1024K, 58 young (59392K), 6 survivors (6144K)
 Metaspace       used 27808K, capacity 28790K, committed 29104K, reserved 1075200K
  class space    used 3303K, capacity 3716K, committed 3840K, reserved 1048576K
}
Event: 1.278 GC heap after
{Heap after GC invocations=4 (full 0):
 garbage-first heap   total 522240K, used 12257K [0x00000000e0000000, 0x0000000100000000)
  region size 1024K, 4 young (4096K), 4 survivors (4096K)
 Metaspace       used 27808K, capacity 28790K, committed 29104K, reserved 1075200K
  class space    used 3303K, capacity 3716K, committed 3840K, reserved 1048576K
}
Event: 1.641 GC heap before
{Heap before GC invocations=4 (full 0):
 garbage-first heap   total 522240K, used 83937K [0x00000000e0000000, 0x0000000100000000)
  region size 1024K, 75 young (76800K), 4 survivors (4096K)
 Metaspace       used 32425K, capacity 33481K, committed 33712K, reserved 1079296K
  class space    used 3889K, capacity 4322K, committed 4352K, reserved 1048576K
}
Event: 1.644 GC heap after
{Heap after GC invocations=5 (full 0):
 garbage-first heap   total 522240K, used 15357K [0x00000000e0000000, 0x0000000100000000)
  region size 1024K, 7 young (7168K), 7 survivors (7168K)
 Metaspace       used 32425K, capacity 33481K, committed 33712K, reserved 1079296K
  class space    used 3889K, capacity 4322K, committed 4352K, reserved 1048576K
}
Event: 1.852 GC heap before
{Heap before GC invocations=5 (full 0):
 garbage-first heap   total 522240K, used 46077K [0x00000000e0000000, 0x0000000100000000)
  region size 1024K, 38 young (38912K), 7 survivors (7168K)
 Metaspace       used 34682K, capacity 35853K, committed 35920K, reserved 1081344K
  class space    used 4205K, capacity 4681K, committed 4736K, reserved 1048576K
}

